<?xml version="1.0" encoding="UTF-8"?>
<testng-results ignored="0" total="1" passed="1" failed="0" skipped="0">
  <reporter-output>
  </reporter-output>
  <suite started-at="2026-06-15T09:21:34 IST" name="ParaBankSuite" finished-at="2026-06-15T09:22:46 IST" duration-ms="72157">
    <groups>
    </groups>
    <test started-at="2026-06-15T09:21:34 IST" name="Register Test" finished-at="2026-06-15T09:22:46 IST" duration-ms="72157">
      <class name="com.parabank.tests.RegisterTest">
        <test-method signature="registerAndLoginTest()[pri:0, instance:com.parabank.tests.RegisterTest@776aec5c]" started-at="2026-06-15T09:21:34 IST" name="registerAndLoginTest" finished-at="2026-06-15T09:22:46 IST" duration-ms="71548" status="PASS">
          <reporter-output>
          </reporter-output>
        </test-method> <!-- registerAndLoginTest -->
      </class> <!-- com.parabank.tests.RegisterTest -->
    </test> <!-- Register Test -->
  </suite> <!-- ParaBankSuite -->
</testng-results>
